<?xml version="1.0" encoding="UTF-8"?>
<testsuite name="cesarvefe.AppTest" tests="1" skipped="0" failures="0" errors="0" timestamp="2024-05-09T23:49:08" hostname="santiago-noatec" time="0.001">
  <properties/>
  <testcase name="appHasAGreeting" classname="cesarvefe.AppTest" time="0.001"/>
  <system-out><![CDATA[]]></system-out>
  <system-err><![CDATA[]]></system-err>
</testsuite>
